2022-05-03 17:08:07,937 INFO Initializing pygame.
2022-05-03 17:08:08,117 INFO Initializing game screen
2022-05-03 17:08:09,691 INFO Initializing libraries
2022-05-03 17:08:09,713 INFO Initializing assets
2022-05-03 17:08:09,727 INFO Initializing sound
2022-05-03 17:08:14,210 INFO Starting CFG
2022-05-03 17:08:17,870 INFO returning to menu from game
2022-05-03 17:08:19,226 INFO Quit
2022-05-03 17:37:49,177 INFO Initializing pygame.
2022-05-03 17:37:49,494 INFO Initializing game screen
2022-05-03 17:37:50,975 INFO Initializing libraries
2022-05-03 17:37:50,992 INFO Initializing assets
2022-05-03 17:37:51,007 INFO Initializing sound
2022-05-03 17:37:54,765 INFO returning to menu from game
2022-05-03 17:38:00,290 INFO Starting CFG
2022-05-03 17:38:16,930 INFO Initializing pygame.
2022-05-03 17:38:18,122 INFO Initializing game screen
2022-05-03 17:38:19,589 INFO Initializing libraries
2022-05-03 17:38:19,606 INFO Initializing assets
2022-05-03 17:38:19,620 INFO Initializing sound
2022-05-03 17:38:26,201 INFO Starting CFG
2022-05-03 17:38:57,560 INFO returning to menu from game
2022-05-03 17:39:00,418 INFO Quit
2022-05-03 17:39:49,381 INFO Initializing pygame.
2022-05-03 17:39:50,587 INFO Initializing game screen
2022-05-03 17:42:16,557 INFO Initializing pygame.
2022-05-03 17:42:16,847 INFO Initializing game screen
2022-05-03 17:42:18,324 INFO Initializing libraries
2022-05-03 17:42:18,344 INFO Initializing assets
2022-05-03 17:42:18,357 INFO Initializing sound
2022-05-03 17:45:46,054 INFO returning to menu from game
2022-05-03 17:45:53,352 INFO Starting CFG
2022-05-03 17:45:54,968 INFO Starting CFG
2022-05-04 18:40:10,675 INFO Initializing pygame.
2022-05-04 18:40:11,989 INFO Initializing game screen
2022-05-04 18:40:13,458 INFO Initializing libraries
2022-05-04 18:40:13,474 INFO Initializing assets
2022-05-04 18:40:13,515 INFO Initializing sound
2022-05-04 18:40:48,666 INFO returning to menu from game
2022-05-04 18:40:50,608 INFO Starting CFG
2022-05-04 18:43:14,458 INFO returning to menu from game
2022-05-04 18:43:19,157 INFO Starting CFG
2022-05-04 18:43:27,372 INFO Quit
2022-05-04 18:43:51,596 INFO Initializing pygame.
2022-05-04 18:43:51,880 INFO Initializing game screen
2022-05-04 18:43:53,317 INFO Initializing libraries
2022-05-04 18:43:53,332 INFO Initializing assets
2022-05-04 18:43:53,346 INFO Initializing sound
2022-05-04 18:43:57,490 INFO Quit
2022-05-04 18:44:00,420 INFO Initializing pygame.
2022-05-04 18:44:00,615 INFO Initializing game screen
2022-05-04 18:44:02,069 INFO Initializing libraries
2022-05-04 18:44:02,084 INFO Initializing assets
2022-05-04 18:44:02,099 INFO Initializing sound
2022-05-04 18:44:10,570 INFO returning to menu from game
2022-05-04 18:44:11,900 INFO Starting CFG
2022-05-04 18:44:17,923 INFO Starting CFG
2022-05-04 18:44:27,699 INFO Quit
2022-05-04 18:45:01,748 INFO Initializing pygame.
2022-05-04 18:45:02,031 INFO Initializing game screen
2022-05-04 18:45:03,483 INFO Initializing libraries
2022-05-04 18:45:03,496 INFO Initializing assets
2022-05-04 18:45:03,511 INFO Initializing sound
2022-05-04 18:45:05,557 INFO Starting CFG
2022-05-04 18:45:25,956 INFO Quit
2022-05-04 18:45:32,484 INFO Initializing pygame.
2022-05-04 18:45:32,759 INFO Initializing game screen
2022-05-04 18:45:34,247 INFO Initializing libraries
2022-05-04 18:45:34,260 INFO Initializing assets
2022-05-04 18:45:34,275 INFO Initializing sound
2022-05-04 18:45:39,741 INFO Starting CFG
2022-05-04 18:46:17,002 INFO returning to menu from game
2022-05-04 18:46:25,023 INFO Starting CFG
2022-05-04 18:46:29,236 INFO Starting CFG
2022-05-04 18:46:34,788 INFO Starting CFG
2022-05-04 18:46:36,530 INFO Returning to menu from config
2022-05-04 18:46:58,234 INFO returning to menu from game
2022-05-04 18:47:04,911 INFO Quit
2022-05-04 18:47:37,467 INFO Initializing pygame.
2022-05-04 18:47:37,880 INFO Initializing game screen
2022-05-04 18:47:39,412 INFO Initializing libraries
2022-05-04 18:47:39,428 INFO Initializing assets
2022-05-04 18:47:39,442 INFO Initializing sound
2022-05-04 18:47:43,639 INFO Starting CFG
2022-05-04 18:48:44,578 INFO returning to menu from game
2022-05-04 18:48:47,827 INFO Starting CFG
2022-05-04 18:48:53,335 INFO Quit
2022-05-04 18:51:44,580 INFO Initializing pygame.
2022-05-04 18:51:46,051 INFO Initializing game screen
2022-05-04 18:51:49,389 INFO Initializing libraries
2022-05-04 18:51:49,545 INFO Initializing assets
2022-05-04 18:51:49,756 INFO Initializing sound
2022-05-04 18:51:59,538 INFO returning to menu from game
2022-05-04 18:52:01,607 INFO Starting CFG
2022-05-04 18:52:08,309 INFO Starting CFG
2022-05-04 18:52:13,906 INFO returning to menu from game
2022-05-04 18:52:15,162 INFO Quit
2022-05-04 18:52:24,869 INFO Initializing pygame.
2022-05-04 18:52:25,100 INFO Initializing game screen
2022-05-04 18:52:26,721 INFO Initializing libraries
2022-05-04 18:52:26,742 INFO Initializing assets
2022-05-04 18:52:26,788 INFO Initializing sound
2022-05-04 18:52:34,405 INFO Starting CFG
2022-05-04 18:52:52,051 INFO returning to menu from game
2022-05-04 18:52:53,359 INFO Quit
2022-05-04 19:57:01,740 INFO Initializing pygame.
2022-05-04 19:57:02,669 INFO Initializing game screen
2022-05-04 19:57:05,423 INFO Initializing libraries
2022-05-04 19:57:05,562 INFO Initializing assets
2022-05-04 19:57:05,631 INFO Initializing sound
2022-05-04 19:57:09,730 INFO returning to menu from game
2022-05-04 19:57:11,079 INFO Quit
2022-05-04 19:57:33,688 INFO Initializing pygame.
2022-05-04 19:57:34,738 INFO Initializing game screen
2022-05-04 19:57:38,561 INFO Initializing libraries
2022-05-04 19:57:38,704 INFO Initializing assets
2022-05-04 19:57:38,823 INFO Initializing sound
2022-05-04 19:57:46,700 INFO Quit
2022-05-05 20:26:14,644 INFO Initializing pygame.
2022-05-05 20:26:14,917 INFO Initializing game screen
2022-05-05 20:26:16,505 INFO Initializing libraries
2022-05-05 20:26:16,573 INFO Initializing assets
2022-05-05 20:26:16,619 INFO Initializing sound
2022-05-05 20:26:45,532 INFO Starting CFG
2022-05-05 20:27:10,192 INFO Returning to menu from config
2022-05-05 20:27:23,880 INFO returning to menu from game
2022-05-05 20:27:28,039 INFO Quit
2022-05-05 20:27:35,670 INFO Initializing pygame.
2022-05-05 20:27:35,921 INFO Initializing game screen
2022-05-05 20:27:37,384 INFO Initializing libraries
2022-05-05 20:27:37,403 INFO Initializing assets
2022-05-05 20:27:37,417 INFO Initializing sound
2022-05-05 20:27:51,547 INFO Starting CFG
2022-05-05 20:29:32,824 INFO returning to menu from game
2022-05-05 20:29:34,653 INFO Starting CFG
2022-05-05 20:32:30,512 INFO returning to menu from game
2022-05-05 20:32:35,271 INFO Quit
2022-05-06 15:29:22,571 INFO Initializing pygame.
2022-05-06 15:29:23,831 INFO Initializing game screen
2022-05-06 15:29:25,361 INFO Initializing libraries
2022-05-06 15:29:25,389 INFO Initializing assets
2022-05-06 15:29:26,604 INFO Initializing sound
2022-05-06 15:29:33,698 INFO Starting CFG
2022-05-06 15:30:05,193 INFO returning to menu from game
2022-05-06 15:30:07,786 INFO Starting CFG
2022-05-06 15:31:00,619 INFO Starting CFG
2022-05-06 15:33:40,514 INFO returning to menu from game
2022-05-06 15:33:42,227 INFO Quit
2022-05-07 10:14:37,643 INFO Initializing pygame.
2022-05-07 10:14:37,942 INFO Initializing game screen
2022-05-07 10:14:39,513 INFO Initializing libraries
2022-05-07 10:14:39,569 INFO Initializing assets
2022-05-07 10:14:39,598 INFO Initializing sound
2022-05-07 10:14:45,824 INFO Starting CFG
2022-05-07 10:15:17,046 INFO returning to menu from game
2022-05-07 10:15:18,729 INFO Quit
2022-05-07 10:23:56,186 INFO Initializing pygame.
2022-05-07 10:23:56,519 INFO Initializing game screen
2022-05-07 10:23:58,033 INFO Initializing libraries
2022-05-07 10:23:58,056 INFO Initializing assets
2022-05-07 10:23:58,075 INFO Initializing sound
2022-05-07 10:24:20,903 ERROR Failed to open file error [Errno 2] No such file or directory: ''
2022-05-07 10:24:23,149 INFO Quitting...
2022-05-07 10:24:23,227 INFO Quit
2022-05-07 10:24:50,749 INFO Initializing pygame.
2022-05-07 10:24:51,093 INFO Initializing game screen
2022-05-07 10:24:52,597 INFO Initializing libraries
2022-05-07 10:24:52,614 INFO Initializing assets
2022-05-07 10:24:52,629 INFO Initializing sound
2022-05-07 10:25:08,621 ERROR Failed to open file error [Errno 2] No such file or directory: ''
2022-05-07 10:25:10,013 INFO Quitting...
2022-05-07 10:25:10,099 INFO Quit
2022-05-07 10:25:42,668 INFO Initializing pygame.
2022-05-07 10:25:43,003 INFO Initializing game screen
2022-05-07 10:25:44,606 INFO Initializing libraries
2022-05-07 10:25:44,623 INFO Initializing assets
2022-05-07 10:25:44,638 INFO Initializing sound
2022-05-07 10:27:11,918 INFO Initializing pygame.
2022-05-07 10:27:12,219 INFO Initializing game screen
2022-05-07 10:27:13,845 INFO Initializing libraries
2022-05-07 10:27:13,862 INFO Initializing assets
2022-05-07 10:27:13,881 INFO Initializing sound
2022-05-07 10:27:49,606 INFO Initializing pygame.
2022-05-07 10:27:49,900 INFO Initializing game screen
2022-05-07 10:27:51,398 INFO Initializing libraries
2022-05-07 10:27:51,415 INFO Initializing assets
2022-05-07 10:27:51,430 INFO Initializing sound
2022-05-07 10:28:38,183 INFO Initializing pygame.
2022-05-07 10:28:38,489 INFO Initializing game screen
2022-05-07 10:28:39,983 INFO Initializing libraries
2022-05-07 10:28:40,001 INFO Initializing assets
2022-05-07 10:28:40,015 INFO Initializing sound
2022-05-07 10:28:48,885 INFO returning to menu from game
2022-05-07 10:29:28,375 INFO returning to menu from game
2022-05-07 10:29:31,384 INFO Quit
2022-05-07 10:29:47,877 INFO Initializing pygame.
2022-05-07 10:29:49,076 INFO Initializing game screen
2022-05-07 10:29:50,577 INFO Initializing libraries
2022-05-07 10:29:50,595 INFO Initializing assets
2022-05-07 10:29:50,609 INFO Initializing sound
2022-05-07 10:29:56,376 INFO Quit
2022-05-07 10:30:21,288 INFO Initializing pygame.
2022-05-07 10:30:21,588 INFO Initializing game screen
2022-05-07 10:30:23,079 INFO Initializing libraries
2022-05-07 10:30:23,097 INFO Initializing assets
2022-05-07 10:30:23,111 INFO Initializing sound
2022-05-07 10:31:24,990 INFO Initializing pygame.
2022-05-07 10:31:26,206 INFO Initializing game screen
2022-05-07 10:31:27,847 INFO Initializing libraries
2022-05-07 10:31:27,864 INFO Initializing assets
2022-05-07 10:31:27,878 INFO Initializing sound
2022-05-07 10:31:55,248 INFO Initializing pygame.
2022-05-07 10:31:55,579 INFO Initializing game screen
2022-05-07 10:31:57,045 INFO Initializing libraries
2022-05-07 10:31:57,064 INFO Initializing assets
2022-05-07 10:31:57,079 INFO Initializing sound
2022-05-07 10:32:53,325 INFO returning to menu from game
2022-05-07 10:32:55,125 INFO Quit
2022-05-07 10:35:45,175 INFO Initializing pygame.
2022-05-07 10:35:45,485 INFO Initializing game screen
2022-05-07 10:35:46,953 INFO Initializing libraries
2022-05-07 10:35:46,987 INFO Initializing assets
2022-05-07 10:35:47,003 INFO Initializing sound
2022-05-07 10:37:28,170 INFO Initializing pygame.
2022-05-07 10:37:29,387 INFO Initializing game screen
2022-05-07 10:37:30,991 INFO Initializing libraries
2022-05-07 10:37:31,018 INFO Initializing assets
2022-05-07 10:37:31,033 INFO Initializing sound
2022-05-07 10:50:15,723 INFO Initializing pygame.
2022-05-07 10:50:16,074 INFO Initializing game screen
2022-05-07 10:50:17,801 INFO Initializing libraries
2022-05-07 10:50:17,828 INFO Initializing assets
2022-05-07 10:50:17,843 INFO Initializing sound
2022-05-07 10:50:42,007 INFO Initializing pygame.
2022-05-07 10:50:42,299 INFO Initializing game screen
2022-05-07 10:50:43,786 INFO Initializing libraries
2022-05-07 10:50:43,812 INFO Initializing assets
2022-05-07 10:50:43,827 INFO Initializing sound
2022-05-07 10:51:46,777 INFO Initializing pygame.
2022-05-07 10:51:47,986 INFO Initializing game screen
2022-05-07 10:51:49,606 INFO Initializing libraries
2022-05-07 10:51:49,636 INFO Initializing assets
2022-05-07 10:51:49,649 INFO Initializing sound
2022-05-07 10:51:49,718 INFO Quitting...
2022-05-07 10:51:49,854 INFO Quit
2022-05-07 10:51:54,433 INFO Initializing pygame.
2022-05-07 10:51:54,725 INFO Initializing game screen
2022-05-07 10:51:56,225 INFO Initializing libraries
2022-05-07 10:51:56,250 INFO Initializing assets
2022-05-07 10:51:56,264 INFO Initializing sound
2022-05-07 10:52:09,922 INFO Initializing pygame.
2022-05-07 10:52:10,230 INFO Initializing game screen
2022-05-07 10:52:11,746 INFO Initializing libraries
2022-05-07 10:52:11,772 INFO Initializing assets
2022-05-07 10:52:11,786 INFO Initializing sound
2022-05-07 10:52:55,993 INFO Initializing pygame.
2022-05-07 10:52:56,333 INFO Initializing game screen
2022-05-07 10:52:57,885 INFO Initializing libraries
2022-05-07 10:52:57,920 INFO Initializing assets
2022-05-07 10:52:57,939 INFO Initializing sound
2022-05-07 10:56:38,494 INFO Initializing pygame.
2022-05-07 10:56:39,700 INFO Initializing game screen
2022-05-07 10:56:41,182 INFO Initializing libraries
2022-05-07 10:56:41,213 INFO Initializing assets
2022-05-07 10:56:41,228 INFO Initializing sound
2022-05-07 10:57:26,342 INFO Initializing pygame.
2022-05-07 10:57:26,670 INFO Initializing game screen
2022-05-07 10:57:28,162 INFO Initializing libraries
2022-05-07 10:57:28,189 INFO Initializing assets
2022-05-07 10:57:28,204 INFO Initializing sound
2022-05-07 10:57:55,007 INFO returning to menu from game
2022-05-07 10:57:56,282 INFO Quit
2022-05-07 10:58:05,020 INFO Initializing pygame.
2022-05-07 10:58:05,320 INFO Initializing game screen
2022-05-07 10:58:06,814 INFO Initializing libraries
2022-05-07 10:58:06,841 INFO Initializing assets
2022-05-07 10:58:06,857 INFO Initializing sound
2022-05-07 11:01:10,719 INFO Initializing pygame.
2022-05-07 11:01:11,045 INFO Initializing game screen
2022-05-07 11:01:12,531 INFO Initializing libraries
2022-05-07 11:01:12,567 INFO Initializing assets
2022-05-07 11:01:12,584 INFO Initializing sound
2022-05-07 11:01:51,444 INFO Initializing pygame.
2022-05-07 11:01:51,741 INFO Initializing game screen
2022-05-07 11:01:53,230 INFO Initializing libraries
2022-05-07 11:01:53,257 INFO Initializing assets
2022-05-07 11:01:53,271 INFO Initializing sound
2022-05-30 15:02:29,523 INFO Initializing pygame.
2022-05-30 15:02:29,773 INFO Initializing game screen
2022-05-30 15:02:31,667 INFO Initializing libraries
2022-05-30 15:02:31,824 INFO Initializing assets
2022-05-30 15:02:31,873 INFO Initializing sound
2022-05-30 15:02:39,439 INFO Quit
2022-05-30 15:07:28,966 INFO Initializing pygame.
2022-05-30 15:07:29,245 INFO Initializing game screen
2022-05-30 15:07:30,769 INFO Initializing libraries
2022-05-30 15:07:30,805 INFO Initializing assets
2022-05-30 15:07:30,819 INFO Initializing sound
2022-05-30 15:07:34,397 INFO Quit
2022-05-30 15:09:10,582 INFO Initializing pygame.
2022-05-30 15:09:11,769 INFO Initializing game screen
2022-05-30 15:09:13,288 INFO Initializing libraries
2022-05-30 15:09:13,328 INFO Initializing assets
2022-05-30 15:09:13,345 INFO Initializing sound
2022-05-30 15:09:31,526 INFO Quit
2022-05-30 15:09:51,442 INFO Initializing pygame.
2022-05-30 15:09:52,637 INFO Initializing game screen
2022-05-30 15:09:54,165 INFO Initializing libraries
2022-05-30 15:09:54,201 INFO Initializing assets
2022-05-30 15:09:54,216 INFO Initializing sound
2022-05-30 15:10:00,705 INFO Quit
2022-05-30 15:10:21,230 INFO Initializing pygame.
2022-05-30 15:10:21,507 INFO Initializing game screen
2022-05-30 15:10:23,039 INFO Initializing libraries
2022-05-30 15:10:23,074 INFO Initializing assets
2022-05-30 15:10:23,088 INFO Initializing sound
2022-05-30 15:10:29,410 INFO Quit
2022-05-30 15:13:14,333 INFO Initializing pygame.
2022-05-30 15:13:14,605 INFO Initializing game screen
2022-05-30 15:13:16,111 INFO Initializing libraries
2022-05-30 15:13:16,146 INFO Initializing assets
2022-05-30 15:13:16,160 INFO Initializing sound
2022-05-30 15:13:18,958 INFO Quit
2022-05-30 15:14:06,850 INFO Initializing pygame.
2022-05-30 15:14:07,129 INFO Initializing game screen
2022-05-30 15:14:08,645 INFO Initializing libraries
2022-05-30 15:14:08,681 INFO Initializing assets
2022-05-30 15:14:08,694 INFO Initializing sound
2022-05-30 15:14:28,845 INFO Quit
2022-05-30 15:16:17,875 INFO Initializing pygame.
2022-05-30 15:16:18,146 INFO Initializing game screen
2022-05-30 15:16:19,634 INFO Initializing libraries
2022-05-30 15:16:19,669 INFO Initializing assets
2022-05-30 15:16:19,683 INFO Initializing sound
2022-05-30 15:16:43,885 INFO Quit
2022-05-30 15:17:20,774 INFO Initializing pygame.
2022-05-30 15:17:21,054 INFO Initializing game screen
2022-05-30 15:17:22,558 INFO Initializing libraries
2022-05-30 15:17:22,593 INFO Initializing assets
2022-05-30 15:17:22,608 INFO Initializing sound
2022-05-30 15:17:26,673 INFO Quit
2022-05-30 15:18:05,184 INFO Initializing pygame.
2022-05-30 15:18:06,377 INFO Initializing game screen
2022-05-30 15:18:07,882 INFO Initializing libraries
2022-05-30 15:18:07,919 INFO Initializing assets
2022-05-30 15:18:07,934 INFO Initializing sound
2022-05-30 15:18:19,615 INFO Quit
2022-05-30 15:21:52,768 INFO Initializing pygame.
2022-05-30 15:21:53,958 INFO Initializing game screen
2022-05-30 15:21:55,464 INFO Initializing libraries
2022-05-30 15:21:55,500 INFO Initializing assets
2022-05-30 15:21:55,514 INFO Initializing sound
2022-05-30 15:22:06,170 INFO Quit
2022-05-30 15:23:07,882 INFO Initializing pygame.
2022-05-30 15:23:09,074 INFO Initializing game screen
2022-05-30 15:23:10,575 INFO Initializing libraries
2022-05-30 15:23:10,610 INFO Initializing assets
2022-05-30 15:23:10,624 INFO Initializing sound
2022-05-30 15:23:21,680 INFO Quit
2022-05-30 15:24:31,743 INFO Initializing pygame.
2022-05-30 15:24:32,127 INFO Initializing game screen
2022-05-30 15:24:33,652 INFO Initializing libraries
2022-05-30 15:24:33,692 INFO Initializing assets
2022-05-30 15:24:33,711 INFO Initializing sound
2022-05-30 15:24:44,811 INFO Quit
